<?xml version="1.0" encoding="UTF-8"?>
<testng-results skipped="0" failed="1" total="1" passed="0">
  <reporter-output>
  </reporter-output>
  <suite name="Default suite" duration-ms="15227" started-at="2018-06-29T10:26:30Z" finished-at="2018-06-29T10:26:45Z">
    <groups>
    </groups>
    <test name="Default test" duration-ms="15227" started-at="2018-06-29T10:26:30Z" finished-at="2018-06-29T10:26:45Z">
      <class name="test.GalenExampleTest">
        <test-method status="PASS" signature="setUp()[pri:0, instance:test.GalenExampleTest@27efef64]" name="setUp" is-config="true" duration-ms="11591" started-at="2018-06-29T15:56:30Z" finished-at="2018-06-29T15:56:41Z">
          <reporter-output>
          </reporter-output>
        </test-method> <!-- setUp -->
        <test-method status="FAIL" signature="homePageLayoutTest()[pri:0, instance:test.GalenExampleTest@27efef64]" name="homePageLayoutTest" duration-ms="2248" started-at="2018-06-29T15:56:41Z" finished-at="2018-06-29T15:56:44Z">
          <exception class="java.lang.AssertionError">
            <message>
              <![CDATA[Layout test failed]]>
            </message>
            <full-stacktrace>
              <![CDATA[java.lang.AssertionError: Layout test failed
	at org.testng.Assert.fail(Assert.java:94)
	at test.GalenExampleTest.homePageLayoutTest(GalenExampleTest.java:66)
	at sun.reflect.NativeMethodAccessorImpl.invoke0(Native Method)
	at sun.reflect.NativeMethodAccessorImpl.invoke(NativeMethodAccessorImpl.java:62)
	at sun.reflect.DelegatingMethodAccessorImpl.invoke(DelegatingMethodAccessorImpl.java:43)
	at java.lang.reflect.Method.invoke(Method.java:497)
	at org.testng.internal.MethodInvocationHelper.invokeMethod(MethodInvocationHelper.java:80)
	at org.testng.internal.Invoker.invokeMethod(Invoker.java:714)
	at org.testng.internal.Invoker.invokeTestMethod(Invoker.java:901)
	at org.testng.internal.Invoker.invokeTestMethods(Invoker.java:1231)
	at org.testng.internal.TestMethodWorker.invokeTestMethods(TestMethodWorker.java:127)
	at org.testng.internal.TestMethodWorker.run(TestMethodWorker.java:111)
	at org.testng.TestRunner.privateRun(TestRunner.java:767)
	at org.testng.TestRunner.run(TestRunner.java:617)
	at org.testng.SuiteRunner.runTest(SuiteRunner.java:334)
	at org.testng.SuiteRunner.runSequentially(SuiteRunner.java:329)
	at org.testng.SuiteRunner.privateRun(SuiteRunner.java:291)
	at org.testng.SuiteRunner.run(SuiteRunner.java:240)
	at org.testng.SuiteRunnerWorker.runSuite(SuiteRunnerWorker.java:52)
	at org.testng.SuiteRunnerWorker.run(SuiteRunnerWorker.java:86)
	at org.testng.TestNG.runSuitesSequentially(TestNG.java:1198)
	at org.testng.TestNG.runSuitesLocally(TestNG.java:1123)
	at org.testng.TestNG.run(TestNG.java:1031)
	at org.testng.remote.AbstractRemoteTestNG.run(AbstractRemoteTestNG.java:114)
	at org.testng.remote.RemoteTestNG.initAndRun(RemoteTestNG.java:251)
	at org.testng.remote.RemoteTestNG.main(RemoteTestNG.java:77)
]]>
            </full-stacktrace>
          </exception> <!-- java.lang.AssertionError -->
          <reporter-output>
          </reporter-output>
        </test-method> <!-- homePageLayoutTest -->
        <test-method status="PASS" signature="tearDown()[pri:0, instance:test.GalenExampleTest@27efef64]" name="tearDown" is-config="true" duration-ms="1366" started-at="2018-06-29T15:56:44Z" finished-at="2018-06-29T15:56:45Z">
          <reporter-output>
          </reporter-output>
        </test-method> <!-- tearDown -->
      </class> <!-- test.GalenExampleTest -->
    </test> <!-- Default test -->
  </suite> <!-- Default suite -->
</testng-results>
